

sys.argv = 

['experiment.py', '--m', 'online', '-f', 'fewchannels_16ch_mar25_online.pkl']


args = 

Namespace(filename='fewchannels_16ch_mar25_online.pkl', mode='online')




------------------------------------------------------------
SUBJECT 1/20
------------------------------------------------------------


Time taken for extracting all MVCs: 0.520s


		TRAINING		VALIDATION

EPOCH		RMSE	MAE		RMSE	MAE		Time (s)

1/1		0.0640	0.0449		0.0652	0.0463		42.4


Validating on ONEDOF


Validating on NDOF


Validating on RANDOM

		TRAINING		VALIDATION

EPOCH		RMSE	MAE		RMSE	MAE		Time (s)

1/1		0.0937	0.0576		0.0898	0.0560		77.4


Validating on ONEDOF


Validating on NDOF


Validating on RANDOM

		TRAINING		VALIDATION

EPOCH		RMSE	MAE		RMSE	MAE		Time (s)

1/1		0.1446	0.0944		0.1340	0.0871		11.4


Validating on ONEDOF


Validating on NDOF


Validating on RANDOM

------------------------------------------------------------
SUBJECT 2/20
------------------------------------------------------------


Time taken for extracting all MVCs: 0.504s


		TRAINING		VALIDATION

EPOCH		RMSE	MAE		RMSE	MAE		Time (s)

1/1		0.0838	0.0619		0.0831	0.0620		36.0


Validating on ONEDOF


Validating on NDOF


Validating on RANDOM

		TRAINING		VALIDATION

EPOCH		RMSE	MAE		RMSE	MAE		Time (s)

1/1		0.0813	0.0505		0.0802	0.0486		77.4


Validating on ONEDOF


Validating on NDOF


Validating on RANDOM

		TRAINING		VALIDATION

EPOCH		RMSE	MAE		RMSE	MAE		Time (s)

1/1		0.1027	0.0608		0.0984	0.0557		13.1


Validating on ONEDOF


Validating on NDOF


Validating on RANDOM

------------------------------------------------------------
SUBJECT 3/20
------------------------------------------------------------


Time taken for extracting all MVCs: 0.506s


		TRAINING		VALIDATION

EPOCH		RMSE	MAE		RMSE	MAE		Time (s)

1/1		0.1037	0.0855		0.1019	0.0842		38.7


Validating on ONEDOF


Validating on NDOF


Validating on RANDOM

		TRAINING		VALIDATION

EPOCH		RMSE	MAE		RMSE	MAE		Time (s)

1/1		0.0890	0.0536		0.0908	0.0555		75.9


Validating on ONEDOF


Validating on NDOF


Validating on RANDOM

		TRAINING		VALIDATION

EPOCH		RMSE	MAE		RMSE	MAE		Time (s)

1/1		0.1020	0.0658		0.0858	0.0555		13.4


Validating on ONEDOF


Validating on NDOF


Validating on RANDOM

------------------------------------------------------------
SUBJECT 4/20
------------------------------------------------------------


Time taken for extracting all MVCs: 0.494s


		TRAINING		VALIDATION

EPOCH		RMSE	MAE		RMSE	MAE		Time (s)

1/1		0.1262	0.1113		0.1214	0.1082		42.3


Validating on ONEDOF


Validating on NDOF


Validating on RANDOM

		TRAINING		VALIDATION

EPOCH		RMSE	MAE		RMSE	MAE		Time (s)

1/1		0.0783	0.0491		0.0805	0.0490		76.6


Validating on ONEDOF


Validating on NDOF


Validating on RANDOM

		TRAINING		VALIDATION

EPOCH		RMSE	MAE		RMSE	MAE		Time (s)

1/1		0.0889	0.0623		0.1425	0.1010		13.9


Validating on ONEDOF


Validating on NDOF


Validating on RANDOM

------------------------------------------------------------
SUBJECT 5/20
------------------------------------------------------------


Time taken for extracting all MVCs: 0.498s


		TRAINING		VALIDATION

EPOCH		RMSE	MAE		RMSE	MAE		Time (s)

1/1		0.0726	0.0558		0.0721	0.0564		40.8


Validating on ONEDOF


Validating on NDOF


Validating on RANDOM

		TRAINING		VALIDATION

EPOCH		RMSE	MAE		RMSE	MAE		Time (s)

1/1		0.0786	0.0465		0.0829	0.0503		73.1


Validating on ONEDOF


Validating on NDOF


Validating on RANDOM

		TRAINING		VALIDATION

EPOCH		RMSE	MAE		RMSE	MAE		Time (s)

1/1		0.1770	0.1226		0.1492	0.1135		13.8


Validating on ONEDOF


Validating on NDOF


Validating on RANDOM

------------------------------------------------------------
SUBJECT 6/20
------------------------------------------------------------


Time taken for extracting all MVCs: 0.566s


		TRAINING		VALIDATION

EPOCH		RMSE	MAE		RMSE	MAE		Time (s)

1/1		0.1098	0.0785		0.1182	0.0820		39.9


Validating on ONEDOF


Validating on NDOF


Validating on RANDOM

		TRAINING		VALIDATION

EPOCH		RMSE	MAE		RMSE	MAE		Time (s)

1/1		0.0870	0.0528		0.1015	0.0601		81.8


Validating on ONEDOF


Validating on NDOF


Validating on RANDOM

		TRAINING		VALIDATION

EPOCH		RMSE	MAE		RMSE	MAE		Time (s)

1/1		0.1240	0.0843		0.1488	0.1015		15.4


Validating on ONEDOF


Validating on NDOF


Validating on RANDOM

------------------------------------------------------------
SUBJECT 7/20
------------------------------------------------------------


Time taken for extracting all MVCs: 0.499s


		TRAINING		VALIDATION

EPOCH		RMSE	MAE		RMSE	MAE		Time (s)

1/1		0.1106	0.0975		0.1134	0.0990		42.5


Validating on ONEDOF


Validating on NDOF


Validating on RANDOM

		TRAINING		VALIDATION

EPOCH		RMSE	MAE		RMSE	MAE		Time (s)

1/1		0.0896	0.0554		0.1012	0.0588		82.6


Validating on ONEDOF
/home/zanghieri/miniconda3/lib/python3.8/site-packages/numpy/lib/function_base.py:2854: RuntimeWarning: invalid value encountered in divide
  c /= stddev[:, None]
/home/zanghieri/miniconda3/lib/python3.8/site-packages/numpy/lib/function_base.py:2855: RuntimeWarning: invalid value encountered in divide
  c /= stddev[None, :]
/home/zanghieri/miniconda3/lib/python3.8/site-packages/scipy/stats/_stats_py.py:4916: ConstantInputWarning: An input array is constant; the correlation coefficient is not defined.
  warnings.warn(stats.ConstantInputWarning(warn_msg))
/home/zanghieri/miniconda3/lib/python3.8/site-packages/numpy/lib/function_base.py:2854: RuntimeWarning: invalid value encountered in divide
  c /= stddev[:, None]
/home/zanghieri/miniconda3/lib/python3.8/site-packages/numpy/lib/function_base.py:2855: RuntimeWarning: invalid value encountered in divide
  c /= stddev[None, :]
/home/zanghieri/miniconda3/lib/python3.8/site-packages/scipy/stats/_stats_py.py:4916: ConstantInputWarning: An input array is constant; the correlation coefficient is not defined.
  warnings.warn(stats.ConstantInputWarning(warn_msg))
/home/zanghieri/miniconda3/lib/python3.8/site-packages/numpy/lib/function_base.py:2854: RuntimeWarning: invalid value encountered in divide
  c /= stddev[:, None]
/home/zanghieri/miniconda3/lib/python3.8/site-packages/numpy/lib/function_base.py:2855: RuntimeWarning: invalid value encountered in divide
  c /= stddev[None, :]
/home/zanghieri/miniconda3/lib/python3.8/site-packages/scipy/stats/_stats_py.py:4916: ConstantInputWarning: An input array is constant; the correlation coefficient is not defined.
  warnings.warn(stats.ConstantInputWarning(warn_msg))
/home/zanghieri/miniconda3/lib/python3.8/site-packages/numpy/lib/function_base.py:2854: RuntimeWarning: invalid value encountered in divide
  c /= stddev[:, None]
/home/zanghieri/miniconda3/lib/python3.8/site-packages/numpy/lib/function_base.py:2855: RuntimeWarning: invalid value encountered in divide
  c /= stddev[None, :]
/home/zanghieri/miniconda3/lib/python3.8/site-packages/scipy/stats/_stats_py.py:4916: ConstantInputWarning: An input array is constant; the correlation coefficient is not defined.
  warnings.warn(stats.ConstantInputWarning(warn_msg))
/home/zanghieri/miniconda3/lib/python3.8/site-packages/numpy/lib/function_base.py:2854: RuntimeWarning: invalid value encountered in divide
  c /= stddev[:, None]
/home/zanghieri/miniconda3/lib/python3.8/site-packages/numpy/lib/function_base.py:2855: RuntimeWarning: invalid value encountered in divide
  c /= stddev[None, :]
/home/zanghieri/miniconda3/lib/python3.8/site-packages/scipy/stats/_stats_py.py:4916: ConstantInputWarning: An input array is constant; the correlation coefficient is not defined.
  warnings.warn(stats.ConstantInputWarning(warn_msg))
/home/zanghieri/miniconda3/lib/python3.8/site-packages/numpy/lib/function_base.py:2854: RuntimeWarning: invalid value encountered in divide
  c /= stddev[:, None]
/home/zanghieri/miniconda3/lib/python3.8/site-packages/numpy/lib/function_base.py:2855: RuntimeWarning: invalid value encountered in divide
  c /= stddev[None, :]
/home/zanghieri/miniconda3/lib/python3.8/site-packages/scipy/stats/_stats_py.py:4916: ConstantInputWarning: An input array is constant; the correlation coefficient is not defined.
  warnings.warn(stats.ConstantInputWarning(warn_msg))


Validating on NDOF


Validating on RANDOM

		TRAINING		VALIDATION

EPOCH		RMSE	MAE		RMSE	MAE		Time (s)

1/1		0.0721	0.0485		0.0786	0.0538		14.5


Validating on ONEDOF
/home/zanghieri/miniconda3/lib/python3.8/site-packages/numpy/lib/function_base.py:2854: RuntimeWarning: invalid value encountered in divide
  c /= stddev[:, None]
/home/zanghieri/miniconda3/lib/python3.8/site-packages/numpy/lib/function_base.py:2855: RuntimeWarning: invalid value encountered in divide
  c /= stddev[None, :]
/home/zanghieri/miniconda3/lib/python3.8/site-packages/scipy/stats/_stats_py.py:4916: ConstantInputWarning: An input array is constant; the correlation coefficient is not defined.
  warnings.warn(stats.ConstantInputWarning(warn_msg))
/home/zanghieri/miniconda3/lib/python3.8/site-packages/numpy/lib/function_base.py:2854: RuntimeWarning: invalid value encountered in divide
  c /= stddev[:, None]
/home/zanghieri/miniconda3/lib/python3.8/site-packages/numpy/lib/function_base.py:2855: RuntimeWarning: invalid value encountered in divide
  c /= stddev[None, :]
/home/zanghieri/miniconda3/lib/python3.8/site-packages/scipy/stats/_stats_py.py:4916: ConstantInputWarning: An input array is constant; the correlation coefficient is not defined.
  warnings.warn(stats.ConstantInputWarning(warn_msg))
/home/zanghieri/miniconda3/lib/python3.8/site-packages/numpy/lib/function_base.py:2854: RuntimeWarning: invalid value encountered in divide
  c /= stddev[:, None]
/home/zanghieri/miniconda3/lib/python3.8/site-packages/numpy/lib/function_base.py:2855: RuntimeWarning: invalid value encountered in divide
  c /= stddev[None, :]
/home/zanghieri/miniconda3/lib/python3.8/site-packages/scipy/stats/_stats_py.py:4916: ConstantInputWarning: An input array is constant; the correlation coefficient is not defined.
  warnings.warn(stats.ConstantInputWarning(warn_msg))
/home/zanghieri/miniconda3/lib/python3.8/site-packages/numpy/lib/function_base.py:2854: RuntimeWarning: invalid value encountered in divide
  c /= stddev[:, None]
/home/zanghieri/miniconda3/lib/python3.8/site-packages/numpy/lib/function_base.py:2855: RuntimeWarning: invalid value encountered in divide
  c /= stddev[None, :]
/home/zanghieri/miniconda3/lib/python3.8/site-packages/scipy/stats/_stats_py.py:4916: ConstantInputWarning: An input array is constant; the correlation coefficient is not defined.
  warnings.warn(stats.ConstantInputWarning(warn_msg))
/home/zanghieri/miniconda3/lib/python3.8/site-packages/numpy/lib/function_base.py:2854: RuntimeWarning: invalid value encountered in divide
  c /= stddev[:, None]
/home/zanghieri/miniconda3/lib/python3.8/site-packages/numpy/lib/function_base.py:2855: RuntimeWarning: invalid value encountered in divide
  c /= stddev[None, :]
/home/zanghieri/miniconda3/lib/python3.8/site-packages/scipy/stats/_stats_py.py:4916: ConstantInputWarning: An input array is constant; the correlation coefficient is not defined.
  warnings.warn(stats.ConstantInputWarning(warn_msg))
/home/zanghieri/miniconda3/lib/python3.8/site-packages/numpy/lib/function_base.py:2854: RuntimeWarning: invalid value encountered in divide
  c /= stddev[:, None]
/home/zanghieri/miniconda3/lib/python3.8/site-packages/numpy/lib/function_base.py:2855: RuntimeWarning: invalid value encountered in divide
  c /= stddev[None, :]
/home/zanghieri/miniconda3/lib/python3.8/site-packages/scipy/stats/_stats_py.py:4916: ConstantInputWarning: An input array is constant; the correlation coefficient is not defined.
  warnings.warn(stats.ConstantInputWarning(warn_msg))


Validating on NDOF
/home/zanghieri/miniconda3/lib/python3.8/site-packages/numpy/lib/function_base.py:2854: RuntimeWarning: invalid value encountered in divide
  c /= stddev[:, None]
/home/zanghieri/miniconda3/lib/python3.8/site-packages/numpy/lib/function_base.py:2855: RuntimeWarning: invalid value encountered in divide
  c /= stddev[None, :]
/home/zanghieri/miniconda3/lib/python3.8/site-packages/scipy/stats/_stats_py.py:4916: ConstantInputWarning: An input array is constant; the correlation coefficient is not defined.
  warnings.warn(stats.ConstantInputWarning(warn_msg))


Validating on RANDOM

------------------------------------------------------------
SUBJECT 8/20
------------------------------------------------------------


Time taken for extracting all MVCs: 0.525s


		TRAINING		VALIDATION

EPOCH		RMSE	MAE		RMSE	MAE		Time (s)

1/1		0.0884	0.0662		0.0956	0.0697		42.6


Validating on ONEDOF


Validating on NDOF


Validating on RANDOM

		TRAINING		VALIDATION

EPOCH		RMSE	MAE		RMSE	MAE		Time (s)

1/1		0.0776	0.0433		0.0949	0.0536		81.9


Validating on ONEDOF


Validating on NDOF


Validating on RANDOM

		TRAINING		VALIDATION

EPOCH		RMSE	MAE		RMSE	MAE		Time (s)

1/1		0.1002	0.0641		0.1657	0.0983		15.5


Validating on ONEDOF


Validating on NDOF


Validating on RANDOM

------------------------------------------------------------
SUBJECT 9/20
------------------------------------------------------------


Time taken for extracting all MVCs: 0.495s


		TRAINING		VALIDATION

EPOCH		RMSE	MAE		RMSE	MAE		Time (s)

1/1		0.0814	0.0565		0.0817	0.0570		44.0


Validating on ONEDOF


Validating on NDOF


Validating on RANDOM

		TRAINING		VALIDATION

EPOCH		RMSE	MAE		RMSE	MAE		Time (s)

1/1		0.0942	0.0552		0.0983	0.0595		87.9


Validating on ONEDOF


Validating on NDOF


Validating on RANDOM

		TRAINING		VALIDATION

EPOCH		RMSE	MAE		RMSE	MAE		Time (s)

1/1		0.1936	0.1418		0.1349	0.0867		15.1


Validating on ONEDOF


Validating on NDOF


Validating on RANDOM

------------------------------------------------------------
SUBJECT 10/20
------------------------------------------------------------


Time taken for extracting all MVCs: 0.535s


		TRAINING		VALIDATION

EPOCH		RMSE	MAE		RMSE	MAE		Time (s)

1/1		0.1067	0.0879		0.1035	0.0850		40.0


Validating on ONEDOF


Validating on NDOF


Validating on RANDOM

		TRAINING		VALIDATION

EPOCH		RMSE	MAE		RMSE	MAE		Time (s)

1/1		0.1219	0.0774		0.1493	0.0920		84.5


Validating on ONEDOF
/home/zanghieri/miniconda3/lib/python3.8/site-packages/numpy/lib/function_base.py:2854: RuntimeWarning: invalid value encountered in divide
  c /= stddev[:, None]
/home/zanghieri/miniconda3/lib/python3.8/site-packages/numpy/lib/function_base.py:2855: RuntimeWarning: invalid value encountered in divide
  c /= stddev[None, :]
/home/zanghieri/miniconda3/lib/python3.8/site-packages/scipy/stats/_stats_py.py:4916: ConstantInputWarning: An input array is constant; the correlation coefficient is not defined.
  warnings.warn(stats.ConstantInputWarning(warn_msg))
/home/zanghieri/miniconda3/lib/python3.8/site-packages/numpy/lib/function_base.py:2854: RuntimeWarning: invalid value encountered in divide
  c /= stddev[:, None]
/home/zanghieri/miniconda3/lib/python3.8/site-packages/numpy/lib/function_base.py:2855: RuntimeWarning: invalid value encountered in divide
  c /= stddev[None, :]
/home/zanghieri/miniconda3/lib/python3.8/site-packages/scipy/stats/_stats_py.py:4916: ConstantInputWarning: An input array is constant; the correlation coefficient is not defined.
  warnings.warn(stats.ConstantInputWarning(warn_msg))
/home/zanghieri/miniconda3/lib/python3.8/site-packages/numpy/lib/function_base.py:2854: RuntimeWarning: invalid value encountered in divide
  c /= stddev[:, None]
/home/zanghieri/miniconda3/lib/python3.8/site-packages/numpy/lib/function_base.py:2855: RuntimeWarning: invalid value encountered in divide
  c /= stddev[None, :]
/home/zanghieri/miniconda3/lib/python3.8/site-packages/scipy/stats/_stats_py.py:4916: ConstantInputWarning: An input array is constant; the correlation coefficient is not defined.
  warnings.warn(stats.ConstantInputWarning(warn_msg))


Validating on NDOF


Validating on RANDOM

		TRAINING		VALIDATION

EPOCH		RMSE	MAE		RMSE	MAE		Time (s)

1/1		0.1069	0.0744		0.1312	0.0980		15.2


Validating on ONEDOF
/home/zanghieri/miniconda3/lib/python3.8/site-packages/numpy/lib/function_base.py:2854: RuntimeWarning: invalid value encountered in divide
  c /= stddev[:, None]
/home/zanghieri/miniconda3/lib/python3.8/site-packages/numpy/lib/function_base.py:2855: RuntimeWarning: invalid value encountered in divide
  c /= stddev[None, :]
/home/zanghieri/miniconda3/lib/python3.8/site-packages/scipy/stats/_stats_py.py:4916: ConstantInputWarning: An input array is constant; the correlation coefficient is not defined.
  warnings.warn(stats.ConstantInputWarning(warn_msg))
/home/zanghieri/miniconda3/lib/python3.8/site-packages/numpy/lib/function_base.py:2854: RuntimeWarning: invalid value encountered in divide
  c /= stddev[:, None]
/home/zanghieri/miniconda3/lib/python3.8/site-packages/numpy/lib/function_base.py:2855: RuntimeWarning: invalid value encountered in divide
  c /= stddev[None, :]
/home/zanghieri/miniconda3/lib/python3.8/site-packages/scipy/stats/_stats_py.py:4916: ConstantInputWarning: An input array is constant; the correlation coefficient is not defined.
  warnings.warn(stats.ConstantInputWarning(warn_msg))
/home/zanghieri/miniconda3/lib/python3.8/site-packages/numpy/lib/function_base.py:2854: RuntimeWarning: invalid value encountered in divide
  c /= stddev[:, None]
/home/zanghieri/miniconda3/lib/python3.8/site-packages/numpy/lib/function_base.py:2855: RuntimeWarning: invalid value encountered in divide
  c /= stddev[None, :]
/home/zanghieri/miniconda3/lib/python3.8/site-packages/scipy/stats/_stats_py.py:4916: ConstantInputWarning: An input array is constant; the correlation coefficient is not defined.
  warnings.warn(stats.ConstantInputWarning(warn_msg))
/home/zanghieri/miniconda3/lib/python3.8/site-packages/numpy/lib/function_base.py:2854: RuntimeWarning: invalid value encountered in divide
  c /= stddev[:, None]
/home/zanghieri/miniconda3/lib/python3.8/site-packages/numpy/lib/function_base.py:2855: RuntimeWarning: invalid value encountered in divide
  c /= stddev[None, :]
/home/zanghieri/miniconda3/lib/python3.8/site-packages/scipy/stats/_stats_py.py:4916: ConstantInputWarning: An input array is constant; the correlation coefficient is not defined.
  warnings.warn(stats.ConstantInputWarning(warn_msg))


Validating on NDOF


Validating on RANDOM

------------------------------------------------------------
SUBJECT 11/20
------------------------------------------------------------


Time taken for extracting all MVCs: 0.699s


		TRAINING		VALIDATION

EPOCH		RMSE	MAE		RMSE	MAE		Time (s)

1/1		0.0969	0.0813		0.0969	0.0860		42.0


Validating on ONEDOF


Validating on NDOF


Validating on RANDOM

		TRAINING		VALIDATION

EPOCH		RMSE	MAE		RMSE	MAE		Time (s)

1/1		0.0993	0.0578		0.1365	0.0793		84.3


Validating on ONEDOF


Validating on NDOF


Validating on RANDOM

		TRAINING		VALIDATION

EPOCH		RMSE	MAE		RMSE	MAE		Time (s)

1/1		0.1200	0.0763		0.1229	0.0813		14.9


Validating on ONEDOF


Validating on NDOF


Validating on RANDOM

------------------------------------------------------------
SUBJECT 12/20
------------------------------------------------------------


Time taken for extracting all MVCs: 0.498s


		TRAINING		VALIDATION

EPOCH		RMSE	MAE		RMSE	MAE		Time (s)

1/1		0.0894	0.0719		0.1011	0.0780		42.0


Validating on ONEDOF


Validating on NDOF


Validating on RANDOM

		TRAINING		VALIDATION

EPOCH		RMSE	MAE		RMSE	MAE		Time (s)

1/1		0.0938	0.0621		0.1273	0.0746		85.3


Validating on ONEDOF


Validating on NDOF


Validating on RANDOM

		TRAINING		VALIDATION

EPOCH		RMSE	MAE		RMSE	MAE		Time (s)

1/1		0.2441	0.1288		0.2533	0.1511		14.6


Validating on ONEDOF


Validating on NDOF


Validating on RANDOM

------------------------------------------------------------
SUBJECT 13/20
------------------------------------------------------------


Time taken for extracting all MVCs: 0.551s


		TRAINING		VALIDATION

EPOCH		RMSE	MAE		RMSE	MAE		Time (s)

1/1		0.0920	0.0736		0.0897	0.0743		39.0


Validating on ONEDOF


Validating on NDOF


Validating on RANDOM

		TRAINING		VALIDATION

EPOCH		RMSE	MAE		RMSE	MAE		Time (s)

1/1		0.0955	0.0609		0.0981	0.0631		84.7


Validating on ONEDOF


Validating on NDOF


Validating on RANDOM

		TRAINING		VALIDATION

EPOCH		RMSE	MAE		RMSE	MAE		Time (s)

1/1		0.1778	0.1216		0.1822	0.1215		13.6


Validating on ONEDOF


Validating on NDOF


Validating on RANDOM

------------------------------------------------------------
SUBJECT 14/20
------------------------------------------------------------


Time taken for extracting all MVCs: 0.488s


		TRAINING		VALIDATION

EPOCH		RMSE	MAE		RMSE	MAE		Time (s)

1/1		0.1208	0.1065		0.1414	0.1156		42.6


Validating on ONEDOF


Validating on NDOF


Validating on RANDOM

		TRAINING		VALIDATION

EPOCH		RMSE	MAE		RMSE	MAE		Time (s)

1/1		0.1795	0.1177		0.1905	0.1325		81.8


Validating on ONEDOF


Validating on NDOF


Validating on RANDOM

		TRAINING		VALIDATION

EPOCH		RMSE	MAE		RMSE	MAE		Time (s)

1/1		0.1607	0.1063		0.2459	0.1509		13.6


Validating on ONEDOF


Validating on NDOF


Validating on RANDOM

------------------------------------------------------------
SUBJECT 15/20
------------------------------------------------------------


Time taken for extracting all MVCs: 0.482s


		TRAINING		VALIDATION

EPOCH		RMSE	MAE		RMSE	MAE		Time (s)

1/1		0.1006	0.0841		0.1041	0.0887		43.2


Validating on ONEDOF


Validating on NDOF


Validating on RANDOM

		TRAINING		VALIDATION

EPOCH		RMSE	MAE		RMSE	MAE		Time (s)

1/1		0.0981	0.0649		0.0891	0.0573		81.5


Validating on ONEDOF


Validating on NDOF


Validating on RANDOM

		TRAINING		VALIDATION

EPOCH		RMSE	MAE		RMSE	MAE		Time (s)

1/1		0.1946	0.1275		0.1988	0.1441		14.1


Validating on ONEDOF


Validating on NDOF


Validating on RANDOM

------------------------------------------------------------
SUBJECT 16/20
------------------------------------------------------------


Time taken for extracting all MVCs: 0.486s


		TRAINING		VALIDATION

EPOCH		RMSE	MAE		RMSE	MAE		Time (s)

1/1		0.0942	0.0800		0.0978	0.0795		43.5


Validating on ONEDOF


Validating on NDOF


Validating on RANDOM

		TRAINING		VALIDATION

EPOCH		RMSE	MAE		RMSE	MAE		Time (s)

1/1		0.1164	0.0692		0.1076	0.0678		82.3


Validating on ONEDOF


Validating on NDOF


Validating on RANDOM

		TRAINING		VALIDATION

EPOCH		RMSE	MAE		RMSE	MAE		Time (s)

1/1		0.1185	0.0810		0.1822	0.1193		14.1


Validating on ONEDOF


Validating on NDOF


Validating on RANDOM

------------------------------------------------------------
SUBJECT 17/20
------------------------------------------------------------


Time taken for extracting all MVCs: 0.487s


		TRAINING		VALIDATION

EPOCH		RMSE	MAE		RMSE	MAE		Time (s)

1/1		0.0866	0.0589		0.0791	0.0539		40.8


Validating on ONEDOF


Validating on NDOF


Validating on RANDOM

		TRAINING		VALIDATION

EPOCH		RMSE	MAE		RMSE	MAE		Time (s)

1/1		0.1331	0.0767		0.1039	0.0644		83.6


Validating on ONEDOF


Validating on NDOF


Validating on RANDOM

		TRAINING		VALIDATION

EPOCH		RMSE	MAE		RMSE	MAE		Time (s)

1/1		0.1433	0.0969		0.1208	0.0770		14.1


Validating on ONEDOF


Validating on NDOF


Validating on RANDOM

------------------------------------------------------------
SUBJECT 18/20
------------------------------------------------------------


Time taken for extracting all MVCs: 0.475s


		TRAINING		VALIDATION

EPOCH		RMSE	MAE		RMSE	MAE		Time (s)

1/1		0.1019	0.0771		0.1004	0.0771		39.3


Validating on ONEDOF


Validating on NDOF


Validating on RANDOM

		TRAINING		VALIDATION

EPOCH		RMSE	MAE		RMSE	MAE		Time (s)

1/1		0.2049	0.1226		0.1668	0.1132		72.8


Validating on ONEDOF


Validating on NDOF


Validating on RANDOM

		TRAINING		VALIDATION

EPOCH		RMSE	MAE		RMSE	MAE		Time (s)

1/1		0.1397	0.0859		0.2015	0.1300		13.8


Validating on ONEDOF


Validating on NDOF


Validating on RANDOM

------------------------------------------------------------
SUBJECT 19/20
------------------------------------------------------------


Time taken for extracting all MVCs: 0.539s


		TRAINING		VALIDATION

EPOCH		RMSE	MAE		RMSE	MAE		Time (s)

1/1		0.0997	0.0788		0.1114	0.0859		40.3


Validating on ONEDOF


Validating on NDOF


Validating on RANDOM

		TRAINING		VALIDATION

EPOCH		RMSE	MAE		RMSE	MAE		Time (s)

1/1		0.1216	0.0759		0.1330	0.0852		79.6


Validating on ONEDOF


Validating on NDOF


Validating on RANDOM

		TRAINING		VALIDATION

EPOCH		RMSE	MAE		RMSE	MAE		Time (s)

1/1		0.1124	0.0751		0.1428	0.0940		14.1


Validating on ONEDOF


Validating on NDOF


Validating on RANDOM

------------------------------------------------------------
SUBJECT 20/20
------------------------------------------------------------


Time taken for extracting all MVCs: 0.513s


		TRAINING		VALIDATION

EPOCH		RMSE	MAE		RMSE	MAE		Time (s)

1/1		0.0913	0.0749		0.0985	0.0763		42.6


Validating on ONEDOF


Validating on NDOF


Validating on RANDOM

		TRAINING		VALIDATION

EPOCH		RMSE	MAE		RMSE	MAE		Time (s)

1/1		0.1113	0.0734		0.1423	0.0899		74.3


Validating on ONEDOF


Validating on NDOF


Validating on RANDOM

		TRAINING		VALIDATION

EPOCH		RMSE	MAE		RMSE	MAE		Time (s)

1/1		0.1166	0.0837		0.2201	0.1522		13.1


Validating on ONEDOF


Validating on NDOF


Validating on RANDOM
