

sys.argv = 

['experiment.py', '--m', 'online', '-f', 'fewchannels_04ch_mar25_online.pkl']


args = 

Namespace(filename='fewchannels_04ch_mar25_online.pkl', mode='online')




------------------------------------------------------------
SUBJECT 1/20
------------------------------------------------------------


Time taken for extracting all MVCs: 0.691s


		TRAINING		VALIDATION

EPOCH		RMSE	MAE		RMSE	MAE		Time (s)

1/1		0.1216	0.1078		0.1263	0.1103		43.2


Validating on ONEDOF


Validating on NDOF


Validating on RANDOM

		TRAINING		VALIDATION

EPOCH		RMSE	MAE		RMSE	MAE		Time (s)

1/1		0.0953	0.0594		0.0916	0.0576		88.5


Validating on ONEDOF


Validating on NDOF


Validating on RANDOM

		TRAINING		VALIDATION

EPOCH		RMSE	MAE		RMSE	MAE		Time (s)

1/1		0.1446	0.0953		0.1347	0.0884		13.6


Validating on ONEDOF


Validating on NDOF


Validating on RANDOM

------------------------------------------------------------
SUBJECT 2/20
------------------------------------------------------------


Time taken for extracting all MVCs: 0.579s


		TRAINING		VALIDATION

EPOCH		RMSE	MAE		RMSE	MAE		Time (s)

1/1		0.0712	0.0512		0.0763	0.0543		41.1


Validating on ONEDOF


Validating on NDOF


Validating on RANDOM

		TRAINING		VALIDATION

EPOCH		RMSE	MAE		RMSE	MAE		Time (s)

1/1		0.0812	0.0524		0.0805	0.0515		83.5


Validating on ONEDOF


Validating on NDOF


Validating on RANDOM

		TRAINING		VALIDATION

EPOCH		RMSE	MAE		RMSE	MAE		Time (s)

1/1		0.1027	0.0627		0.0989	0.0582		14.1


Validating on ONEDOF


Validating on NDOF


Validating on RANDOM

------------------------------------------------------------
SUBJECT 3/20
------------------------------------------------------------


Time taken for extracting all MVCs: 0.494s


		TRAINING		VALIDATION

EPOCH		RMSE	MAE		RMSE	MAE		Time (s)

1/1		0.0595	0.0326		0.0577	0.0315		44.2


Validating on ONEDOF


Validating on NDOF


Validating on RANDOM

		TRAINING		VALIDATION

EPOCH		RMSE	MAE		RMSE	MAE		Time (s)

1/1		0.0880	0.0520		0.0901	0.0537		87.9


Validating on ONEDOF


Validating on NDOF


Validating on RANDOM

		TRAINING		VALIDATION

EPOCH		RMSE	MAE		RMSE	MAE		Time (s)

1/1		0.1005	0.0638		0.0847	0.0535		15.3


Validating on ONEDOF


Validating on NDOF


Validating on RANDOM

------------------------------------------------------------
SUBJECT 4/20
------------------------------------------------------------


Time taken for extracting all MVCs: 0.511s


		TRAINING		VALIDATION

EPOCH		RMSE	MAE		RMSE	MAE		Time (s)

1/1		0.0899	0.0765		0.0876	0.0769		43.2


Validating on ONEDOF


Validating on NDOF


Validating on RANDOM

		TRAINING		VALIDATION

EPOCH		RMSE	MAE		RMSE	MAE		Time (s)

1/1		0.0776	0.0519		0.0807	0.0542		86.6


Validating on ONEDOF


Validating on NDOF


Validating on RANDOM

		TRAINING		VALIDATION

EPOCH		RMSE	MAE		RMSE	MAE		Time (s)

1/1		0.0897	0.0645		0.1421	0.1038		13.8


Validating on ONEDOF


Validating on NDOF


Validating on RANDOM

------------------------------------------------------------
SUBJECT 5/20
------------------------------------------------------------


Time taken for extracting all MVCs: 0.683s


		TRAINING		VALIDATION

EPOCH		RMSE	MAE		RMSE	MAE		Time (s)

1/1		0.1063	0.0823		0.1100	0.0850		40.6


Validating on ONEDOF


Validating on NDOF


Validating on RANDOM

		TRAINING		VALIDATION

EPOCH		RMSE	MAE		RMSE	MAE		Time (s)

1/1		0.0796	0.0483		0.0857	0.0537		80.2


Validating on ONEDOF


Validating on NDOF


Validating on RANDOM

		TRAINING		VALIDATION

EPOCH		RMSE	MAE		RMSE	MAE		Time (s)

1/1		0.1767	0.1223		0.1496	0.1135		13.7


Validating on ONEDOF


Validating on NDOF


Validating on RANDOM

------------------------------------------------------------
SUBJECT 6/20
------------------------------------------------------------


Time taken for extracting all MVCs: 0.602s


		TRAINING		VALIDATION

EPOCH		RMSE	MAE		RMSE	MAE		Time (s)

1/1		0.1041	0.0802		0.1063	0.0799		41.6


Validating on ONEDOF


Validating on NDOF


Validating on RANDOM

		TRAINING		VALIDATION

EPOCH		RMSE	MAE		RMSE	MAE		Time (s)

1/1		0.0861	0.0529		0.0998	0.0597		81.9


Validating on ONEDOF


Validating on NDOF


Validating on RANDOM

		TRAINING		VALIDATION

EPOCH		RMSE	MAE		RMSE	MAE		Time (s)

1/1		0.1223	0.0835		0.1461	0.0999		14.3


Validating on ONEDOF


Validating on NDOF


Validating on RANDOM

------------------------------------------------------------
SUBJECT 7/20
------------------------------------------------------------


Time taken for extracting all MVCs: 0.503s


		TRAINING		VALIDATION

EPOCH		RMSE	MAE		RMSE	MAE		Time (s)

1/1		0.0817	0.0609		0.0852	0.0637		43.2


Validating on ONEDOF


Validating on NDOF


Validating on RANDOM

		TRAINING		VALIDATION

EPOCH		RMSE	MAE		RMSE	MAE		Time (s)

1/1		0.0893	0.0572		0.1016	0.0623		79.0


Validating on ONEDOF


Validating on NDOF


Validating on RANDOM

		TRAINING		VALIDATION

EPOCH		RMSE	MAE		RMSE	MAE		Time (s)

1/1		0.0717	0.0493		0.0813	0.0568		15.3


Validating on ONEDOF


Validating on NDOF


Validating on RANDOM

------------------------------------------------------------
SUBJECT 8/20
------------------------------------------------------------


Time taken for extracting all MVCs: 0.503s


		TRAINING		VALIDATION

EPOCH		RMSE	MAE		RMSE	MAE		Time (s)

1/1		0.1140	0.0979		0.1155	0.0965		42.3


Validating on ONEDOF


Validating on NDOF


Validating on RANDOM

		TRAINING		VALIDATION

EPOCH		RMSE	MAE		RMSE	MAE		Time (s)

1/1		0.0772	0.0442		0.0943	0.0535		86.3


Validating on ONEDOF


Validating on NDOF


Validating on RANDOM

		TRAINING		VALIDATION

EPOCH		RMSE	MAE		RMSE	MAE		Time (s)

1/1		0.0999	0.0647		0.1667	0.1000		14.1


Validating on ONEDOF


Validating on NDOF


Validating on RANDOM

------------------------------------------------------------
SUBJECT 9/20
------------------------------------------------------------


Time taken for extracting all MVCs: 0.499s


		TRAINING		VALIDATION

EPOCH		RMSE	MAE		RMSE	MAE		Time (s)

1/1		0.1008	0.0773		0.1009	0.0789		44.4


Validating on ONEDOF


Validating on NDOF


Validating on RANDOM

		TRAINING		VALIDATION

EPOCH		RMSE	MAE		RMSE	MAE		Time (s)

1/1		0.0942	0.0523		0.0980	0.0567		87.6


Validating on ONEDOF


Validating on NDOF


Validating on RANDOM

		TRAINING		VALIDATION

EPOCH		RMSE	MAE		RMSE	MAE		Time (s)

1/1		0.1944	0.1419		0.1351	0.0858		14.9


Validating on ONEDOF


Validating on NDOF


Validating on RANDOM

------------------------------------------------------------
SUBJECT 10/20
------------------------------------------------------------


Time taken for extracting all MVCs: 0.499s


		TRAINING		VALIDATION

EPOCH		RMSE	MAE		RMSE	MAE		Time (s)

1/1		0.0918	0.0691		0.0948	0.0717		38.2


Validating on ONEDOF


Validating on NDOF


Validating on RANDOM

		TRAINING		VALIDATION

EPOCH		RMSE	MAE		RMSE	MAE		Time (s)

1/1		0.1219	0.0783		0.1495	0.0926		84.4


Validating on ONEDOF


Validating on NDOF


Validating on RANDOM

		TRAINING		VALIDATION

EPOCH		RMSE	MAE		RMSE	MAE		Time (s)

1/1		0.1075	0.0742		0.1324	0.0990		13.7


Validating on ONEDOF


Validating on NDOF


Validating on RANDOM

------------------------------------------------------------
SUBJECT 11/20
------------------------------------------------------------


Time taken for extracting all MVCs: 0.529s


		TRAINING		VALIDATION

EPOCH		RMSE	MAE		RMSE	MAE		Time (s)

1/1		0.0884	0.0732		0.0847	0.0729		42.4


Validating on ONEDOF


Validating on NDOF


Validating on RANDOM

		TRAINING		VALIDATION

EPOCH		RMSE	MAE		RMSE	MAE		Time (s)

1/1		0.0995	0.0599		0.1368	0.0815		84.4


Validating on ONEDOF


Validating on NDOF


Validating on RANDOM

		TRAINING		VALIDATION

EPOCH		RMSE	MAE		RMSE	MAE		Time (s)

1/1		0.1204	0.0774		0.1236	0.0825		12.8


Validating on ONEDOF


Validating on NDOF


Validating on RANDOM

------------------------------------------------------------
SUBJECT 12/20
------------------------------------------------------------


Time taken for extracting all MVCs: 0.512s


		TRAINING		VALIDATION

EPOCH		RMSE	MAE		RMSE	MAE		Time (s)

1/1		0.1086	0.0820		0.1195	0.0880		42.6


Validating on ONEDOF


Validating on NDOF


Validating on RANDOM

		TRAINING		VALIDATION

EPOCH		RMSE	MAE		RMSE	MAE		Time (s)

1/1		0.0944	0.0617		0.1286	0.0750		82.6


Validating on ONEDOF


Validating on NDOF


Validating on RANDOM

		TRAINING		VALIDATION

EPOCH		RMSE	MAE		RMSE	MAE		Time (s)

1/1		0.2450	0.1294		0.2550	0.1518		12.9


Validating on ONEDOF


Validating on NDOF


Validating on RANDOM

------------------------------------------------------------
SUBJECT 13/20
------------------------------------------------------------


Time taken for extracting all MVCs: 0.547s


		TRAINING		VALIDATION

EPOCH		RMSE	MAE		RMSE	MAE		Time (s)

1/1		0.0935	0.0671		0.0868	0.0660		42.4


Validating on ONEDOF


Validating on NDOF


Validating on RANDOM

		TRAINING		VALIDATION

EPOCH		RMSE	MAE		RMSE	MAE		Time (s)

1/1		0.0956	0.0584		0.0974	0.0602		86.4


Validating on ONEDOF


Validating on NDOF


Validating on RANDOM

		TRAINING		VALIDATION

EPOCH		RMSE	MAE		RMSE	MAE		Time (s)

1/1		0.1773	0.1194		0.1811	0.1190		14.1


Validating on ONEDOF


Validating on NDOF


Validating on RANDOM

------------------------------------------------------------
SUBJECT 14/20
------------------------------------------------------------


Time taken for extracting all MVCs: 0.539s


		TRAINING		VALIDATION

EPOCH		RMSE	MAE		RMSE	MAE		Time (s)

1/1		0.0932	0.0670		0.1186	0.0754		40.2


Validating on ONEDOF


Validating on NDOF


Validating on RANDOM

		TRAINING		VALIDATION

EPOCH		RMSE	MAE		RMSE	MAE		Time (s)

1/1		0.1791	0.1170		0.1896	0.1327		81.9


Validating on ONEDOF


Validating on NDOF


Validating on RANDOM

		TRAINING		VALIDATION

EPOCH		RMSE	MAE		RMSE	MAE		Time (s)

1/1		0.1605	0.1050		0.2448	0.1503		14.3


Validating on ONEDOF


Validating on NDOF


Validating on RANDOM

------------------------------------------------------------
SUBJECT 15/20
------------------------------------------------------------


Time taken for extracting all MVCs: 0.617s


		TRAINING		VALIDATION

EPOCH		RMSE	MAE		RMSE	MAE		Time (s)

1/1		0.1302	0.1125		0.1194	0.1024		43.0


Validating on ONEDOF


Validating on NDOF


Validating on RANDOM

		TRAINING		VALIDATION

EPOCH		RMSE	MAE		RMSE	MAE		Time (s)

1/1		0.1002	0.0654		0.0896	0.0564		81.5


Validating on ONEDOF


Validating on NDOF


Validating on RANDOM

		TRAINING		VALIDATION

EPOCH		RMSE	MAE		RMSE	MAE		Time (s)

1/1		0.1973	0.1275		0.1994	0.1420		14.1


Validating on ONEDOF


Validating on NDOF


Validating on RANDOM

------------------------------------------------------------
SUBJECT 16/20
------------------------------------------------------------


Time taken for extracting all MVCs: 0.491s


		TRAINING		VALIDATION

EPOCH		RMSE	MAE		RMSE	MAE		Time (s)

1/1		0.1080	0.0830		0.1079	0.0828		43.5


Validating on ONEDOF


Validating on NDOF


Validating on RANDOM

		TRAINING		VALIDATION

EPOCH		RMSE	MAE		RMSE	MAE		Time (s)

1/1		0.1168	0.0673		0.1075	0.0667		81.4


Validating on ONEDOF


Validating on NDOF


Validating on RANDOM

		TRAINING		VALIDATION

EPOCH		RMSE	MAE		RMSE	MAE		Time (s)

1/1		0.1197	0.0800		0.1820	0.1170		14.0


Validating on ONEDOF


Validating on NDOF


Validating on RANDOM

------------------------------------------------------------
SUBJECT 17/20
------------------------------------------------------------


Time taken for extracting all MVCs: 0.497s


		TRAINING		VALIDATION

EPOCH		RMSE	MAE		RMSE	MAE		Time (s)

1/1		0.1033	0.0865		0.1036	0.0871		43.2


Validating on ONEDOF


Validating on NDOF


Validating on RANDOM

		TRAINING		VALIDATION

EPOCH		RMSE	MAE		RMSE	MAE		Time (s)

1/1		0.1329	0.0752		0.1057	0.0661		84.4


Validating on ONEDOF


Validating on NDOF


Validating on RANDOM

		TRAINING		VALIDATION

EPOCH		RMSE	MAE		RMSE	MAE		Time (s)

1/1		0.1429	0.0972		0.1210	0.0782		14.6


Validating on ONEDOF


Validating on NDOF


Validating on RANDOM

------------------------------------------------------------
SUBJECT 18/20
------------------------------------------------------------


Time taken for extracting all MVCs: 0.491s


		TRAINING		VALIDATION

EPOCH		RMSE	MAE		RMSE	MAE		Time (s)

1/1		0.1104	0.0832		0.1112	0.0845		31.9


Validating on ONEDOF


Validating on NDOF


Validating on RANDOM

		TRAINING		VALIDATION

EPOCH		RMSE	MAE		RMSE	MAE		Time (s)

1/1		0.2053	0.1229		0.1655	0.1116		72.3


Validating on ONEDOF


Validating on NDOF


Validating on RANDOM

		TRAINING		VALIDATION

EPOCH		RMSE	MAE		RMSE	MAE		Time (s)

1/1		0.1403	0.0872		0.2021	0.1300		12.5


Validating on ONEDOF


Validating on NDOF


Validating on RANDOM

------------------------------------------------------------
SUBJECT 19/20
------------------------------------------------------------


Time taken for extracting all MVCs: 0.481s


		TRAINING		VALIDATION

EPOCH		RMSE	MAE		RMSE	MAE		Time (s)

1/1		0.1023	0.0879		0.1040	0.0870		35.1


Validating on ONEDOF


Validating on NDOF


Validating on RANDOM

		TRAINING		VALIDATION

EPOCH		RMSE	MAE		RMSE	MAE		Time (s)

1/1		0.1216	0.0772		0.1323	0.0858		73.6


Validating on ONEDOF


Validating on NDOF


Validating on RANDOM

		TRAINING		VALIDATION

EPOCH		RMSE	MAE		RMSE	MAE		Time (s)

1/1		0.1124	0.0759		0.1450	0.0963		13.2


Validating on ONEDOF


Validating on NDOF


Validating on RANDOM

------------------------------------------------------------
SUBJECT 20/20
------------------------------------------------------------


Time taken for extracting all MVCs: 0.478s


		TRAINING		VALIDATION

EPOCH		RMSE	MAE		RMSE	MAE		Time (s)

1/1		0.0841	0.0629		0.0896	0.0683		27.8


Validating on ONEDOF


Validating on NDOF


Validating on RANDOM

		TRAINING		VALIDATION

EPOCH		RMSE	MAE		RMSE	MAE		Time (s)

1/1		0.1119	0.0754		0.1429	0.0927		68.7


Validating on ONEDOF


Validating on NDOF


Validating on RANDOM

		TRAINING		VALIDATION

EPOCH		RMSE	MAE		RMSE	MAE		Time (s)

1/1		0.1168	0.0851		0.2201	0.1532		13.2


Validating on ONEDOF


Validating on NDOF


Validating on RANDOM
